<?xml version="1.0" encoding="UTF-8"?>
<testng-results ignored="0" total="1" passed="1" failed="0" skipped="0">
  <reporter-output>
  </reporter-output>
  <suite started-at="2021-11-12T14:32:45 IST" name="Suite" finished-at="2021-11-12T14:32:46 IST" duration-ms="154">
    <groups>
    </groups>
    <test started-at="2021-11-12T14:32:45 IST" name="Test" finished-at="2021-11-12T14:32:46 IST" duration-ms="154">
      <class name="newpro.fall1test">
        <test-method signature="camera1()[pri:0, instance:newpro.fall1test@229d10bd]" started-at="2021-11-12T14:32:46 IST" name="camera1" finished-at="2021-11-12T14:32:46 IST" duration-ms="25" status="PASS">
          <reporter-output>
          </reporter-output>
        </test-method> <!-- camera1 -->
      </class> <!-- newpro.fall1test -->
    </test> <!-- Test -->
  </suite> <!-- Suite -->
</testng-results>
